4.2953 	EXP 	Created window1 = Window(allowGUI=True, allowStencil=False, args=UNKNOWN, autoLog=True, bitsMode=UNKNOWN, blendMode='avg', color=array([-0.3, -0.3, -0.3]), colorSpace='rgb', fullscr=UNKNOWN, gamma=None, kwargs=UNKNOWN, lms=UNKNOWN, monitor=<psychopy.monitors.calibTools.Monitor object at 0x13819E70>, multiSample=False, name='window1', numSamples=2, pos=[340, 25], screen=1, size=array([1000, 1000]), stereo=False, units='pix', useFBO=True, useRetina=False, viewOri=0.0, viewPos=None, viewScale=None, waitBlanking=True, winType=u'pyglet')
4.2976 	WARNING 	Requested an unavailable screen number - using first available.
5.0098 	EXP 	Created window1 = Window(allowGUI=True, allowStencil=False, args=UNKNOWN, autoLog=True, bitsMode=UNKNOWN, blendMode='avg', color=array([-0.9, -0.9, -0.9]), colorSpace='rgb', fullscr=UNKNOWN, gamma=None, kwargs=UNKNOWN, lms=UNKNOWN, monitor=<psychopy.monitors.calibTools.Monitor object at 0x13C08DD0>, multiSample=False, name='window1', numSamples=2, pos=[460, 40], screen=2, size=array([1000, 1000]), stereo=False, units='pix', useFBO=True, useRetina=False, viewOri=0.0, viewPos=None, viewScale=None, waitBlanking=True, winType=u'pyglet')
5.0098 	EXP 	window1: recordFrameIntervals = False
5.1756 	EXP 	window1: recordFrameIntervals = True
5.3592 	EXP 	window1: recordFrameIntervals = False
6.1244 	EXP 	Created baseline_instructions = TextStim(alignHoriz='center', alignVert='center', antialias=True, autoLog=True, bold=False, color=array([-0.5, -0.5, -0.5]), colorSpace='rgb', contrast=1.0, depth=0.0, flipHoriz=False, flipVert=False, font='Arial', fontFiles=[], height=30, italic=False, name='baseline_instructions', opacity=1.0, ori=0, pos=array([ 0.,  0.]), rgb=array([-0.5, -0.5, -0.5]), text=newstr(...), units='pix', win=Window(...), wrapWidth=500)
6.1311 	EXP 	Created baseline_instructions2 = TextStim(alignHoriz='center', alignVert='center', antialias=True, autoLog=True, bold=False, color=array([-0.5, -0.5, -0.5]), colorSpace='rgb', contrast=1.0, depth=0.0, flipHoriz=False, flipVert=False, font='Arial', fontFiles=[], height=30, italic=False, name='baseline_instructions2', opacity=1.0, ori=0, pos=array([ 0.,  0.]), rgb=array([-0.5, -0.5, -0.5]), text='test', units='pix', win=Window(...), wrapWidth=500)
6.1324 	EXP 	Created zeitpuffer1 = TextStim(alignHoriz='center', alignVert='center', antialias=True, autoLog=True, bold=False, color=array([-0.5, -0.5, -0.5]), colorSpace='rgb', contrast=1.0, depth=0.0, flipHoriz=False, flipVert=False, font='Arial', fontFiles=[], height=30, italic=False, name='zeitpuffer1', opacity=1.0, ori=0, pos=array([ 0.,  0.]), rgb=array([-0.5, -0.5, -0.5]), text='', units='pix', win=Window(...), wrapWidth=500)
6.1336 	EXP 	Created text_6 = TextStim(alignHoriz='center', alignVert='center', antialias=True, autoLog=True, bold=False, color=array([-0.5, -0.5, -0.5]), colorSpace='rgb', contrast=1.0, depth=0.0, flipHoriz=False, flipVert=False, font='Arial', fontFiles=[], height=30, italic=False, name='text_6', opacity=1.0, ori=0, pos=array([ 0.,  0.]), rgb=array([-0.5, -0.5, -0.5]), text='', units='pix', win=Window(...), wrapWidth=500)
6.1464 	EXP 	Created text_12 = TextStim(alignHoriz='center', alignVert='center', antialias=True, autoLog=True, bold=False, color=array([-0.5, -0.5, -0.5]), colorSpace='rgb', contrast=1.0, depth=-1.0, flipHoriz=False, flipVert=False, font='Arial', fontFiles=[], height=30, italic=False, name='text_12', opacity=1.0, ori=0, pos=array([-10.,   0.]), rgb=array([-0.5, -0.5, -0.5]), text='default text', units='pix', win=Window(...), wrapWidth=500)
6.1978 	EXP 	Created text = TextStim(alignHoriz='center', alignVert='center', antialias=True, autoLog=True, bold=False, color=array([-0.5, -0.5, -0.5]), colorSpace='rgb', contrast=1.0, depth=-1.0, flipHoriz=False, flipVert=False, font='Arial', fontFiles=[], height=30, italic=False, name='text', opacity=1.0, ori=0, pos=array([ 0.,  0.]), rgb=array([-0.5, -0.5, -0.5]), text=newstr(...), units='pix', win=Window(...), wrapWidth=500)
6.1991 	EXP 	Created zeitpuffer1 = TextStim(alignHoriz='center', alignVert='center', antialias=True, autoLog=True, bold=False, color=array([-0.5, -0.5, -0.5]), colorSpace='rgb', contrast=1.0, depth=0.0, flipHoriz=False, flipVert=False, font='Arial', fontFiles=[], height=30, italic=False, name='zeitpuffer1', opacity=1.0, ori=0, pos=array([ 0.,  0.]), rgb=array([-0.5, -0.5, -0.5]), text='', units='pix', win=Window(...), wrapWidth=500)
6.2005 	EXP 	Created text_13 = TextStim(alignHoriz='center', alignVert='center', antialias=True, autoLog=True, bold=False, color=array([-0.5, -0.5, -0.5]), colorSpace='rgb', contrast=1.0, depth=0.0, flipHoriz=False, flipVert=False, font='Arial', fontFiles=[], height=30, italic=False, name='text_13', opacity=1.0, ori=0, pos=array([ 0.,  0.]), rgb=array([-0.5, -0.5, -0.5]), text='', units='pix', win=Window(...), wrapWidth=500)
6.2131 	EXP 	Created text_12 = TextStim(alignHoriz='center', alignVert='center', antialias=True, autoLog=True, bold=False, color=array([-0.5, -0.5, -0.5]), colorSpace='rgb', contrast=1.0, depth=-1.0, flipHoriz=False, flipVert=False, font='Arial', fontFiles=[], height=30, italic=False, name='text_12', opacity=1.0, ori=0, pos=array([-10.,   0.]), rgb=array([-0.5, -0.5, -0.5]), text='default text', units='pix', win=Window(...), wrapWidth=500)
6.2732 	EXP 	Created text_14 = TextStim(alignHoriz='center', alignVert='center', antialias=True, autoLog=True, bold=False, color=array([-0.5, -0.5, -0.5]), colorSpace='rgb', contrast=1.0, depth=-1.0, flipHoriz=False, flipVert=False, font='Arial', fontFiles=[], height=30, italic=False, name='text_14', opacity=1.0, ori=0, pos=array([ 0.,  0.]), rgb=array([-0.5, -0.5, -0.5]), text=newstr(...), units='pix', win=Window(...), wrapWidth=500)
6.2746 	EXP 	Created zeitpuffer1 = TextStim(alignHoriz='center', alignVert='center', antialias=True, autoLog=True, bold=False, color=array([-0.5, -0.5, -0.5]), colorSpace='rgb', contrast=1.0, depth=0.0, flipHoriz=False, flipVert=False, font='Arial', fontFiles=[], height=30, italic=False, name='zeitpuffer1', opacity=1.0, ori=0, pos=array([ 0.,  0.]), rgb=array([-0.5, -0.5, -0.5]), text='', units='pix', win=Window(...), wrapWidth=500)
6.2759 	EXP 	Created text_11 = TextStim(alignHoriz='center', alignVert='center', antialias=True, autoLog=True, bold=False, color=array([-0.5, -0.5, -0.5]), colorSpace='rgb', contrast=1.0, depth=0.0, flipHoriz=False, flipVert=False, font='Arial', fontFiles=[], height=30, italic=False, name='text_11', opacity=1.0, ori=0, pos=array([ 0.,  0.]), rgb=array([-0.5, -0.5, -0.5]), text='', units='pix', win=Window(...), wrapWidth=500)
6.2888 	EXP 	Created text_12 = TextStim(alignHoriz='center', alignVert='center', antialias=True, autoLog=True, bold=False, color=array([-0.5, -0.5, -0.5]), colorSpace='rgb', contrast=1.0, depth=-1.0, flipHoriz=False, flipVert=False, font='Arial', fontFiles=[], height=30, italic=False, name='text_12', opacity=1.0, ori=0, pos=array([-10.,   0.]), rgb=array([-0.5, -0.5, -0.5]), text='default text', units='pix', win=Window(...), wrapWidth=500)
6.3320 	EXP 	Created text_end = TextStim(alignHoriz='center', alignVert='center', antialias=True, autoLog=True, bold=False, color='white', colorSpace='named', contrast=1.0, depth=0.0, flipHoriz=False, flipVert=False, font='Arial', fontFiles=[], height=40, italic=False, name='text_end', opacity=1.0, ori=0, pos=array([ 0.,  0.]), rgb=array([ 255.,  255.,  255.]), text=newstr(...), units='pix', win=Window(...), wrapWidth=500)
12.9955 	DATA 	Mouse: Left button down, pos=(671,429)
13.1156 	DATA 	Mouse:  Left button up, pos=(671,429)
13.1489 	DATA 	Keypress: escape
13.1873 	EXP 	window1: mouseVisible = True
13.2109 	EXP 	window1: mouseVisible = True
3.8143 	EXP 	Created window1 = Window(allowGUI=True, allowStencil=False, args=UNKNOWN, autoLog=True, bitsMode=UNKNOWN, blendMode='avg', color=array([-0.3, -0.3, -0.3]), colorSpace='rgb', fullscr=UNKNOWN, gamma=None, kwargs=UNKNOWN, lms=UNKNOWN, monitor=<psychopy.monitors.calibTools.Monitor object at 0x139A9E70>, multiSample=False, name='window1', numSamples=2, pos=[340, 25], screen=1, size=array([1000, 1000]), stereo=False, units='pix', useFBO=True, useRetina=False, viewOri=0.0, viewPos=None, viewScale=None, waitBlanking=True, winType=u'pyglet')
3.8165 	WARNING 	Requested an unavailable screen number - using first available.
4.6063 	EXP 	Created window1 = Window(allowGUI=True, allowStencil=False, args=UNKNOWN, autoLog=True, bitsMode=UNKNOWN, blendMode='avg', color=array([-0.9, -0.9, -0.9]), colorSpace='rgb', fullscr=UNKNOWN, gamma=None, kwargs=UNKNOWN, lms=UNKNOWN, monitor=<psychopy.monitors.calibTools.Monitor object at 0x13DAADF0>, multiSample=False, name='window1', numSamples=2, pos=[460, 40], screen=2, size=array([1000, 1000]), stereo=False, units='pix', useFBO=True, useRetina=False, viewOri=0.0, viewPos=None, viewScale=None, waitBlanking=True, winType=u'pyglet')
4.6063 	EXP 	window1: recordFrameIntervals = False
4.6068 	DATA 	Mouse: Left button down, pos=(710,736)
4.6069 	DATA 	Mouse:  Left button up, pos=(710,736)
4.7721 	EXP 	window1: recordFrameIntervals = True
4.9558 	EXP 	window1: recordFrameIntervals = False
5.7089 	EXP 	Created baseline_instructions = TextStim(alignHoriz='center', alignVert='center', antialias=True, autoLog=True, bold=False, color=array([-0.5, -0.5, -0.5]), colorSpace='rgb', contrast=1.0, depth=0.0, flipHoriz=False, flipVert=False, font='Arial', fontFiles=[], height=30, italic=False, name='baseline_instructions', opacity=1.0, ori=0, pos=array([ 0.,  0.]), rgb=array([-0.5, -0.5, -0.5]), text=newstr(...), units='pix', win=Window(...), wrapWidth=500)
5.7153 	EXP 	Created baseline_instructions2 = TextStim(alignHoriz='center', alignVert='center', antialias=True, autoLog=True, bold=False, color=array([-0.5, -0.5, -0.5]), colorSpace='rgb', contrast=1.0, depth=0.0, flipHoriz=False, flipVert=False, font='Arial', fontFiles=[], height=30, italic=False, name='baseline_instructions2', opacity=1.0, ori=0, pos=array([ 0.,  0.]), rgb=array([-0.5, -0.5, -0.5]), text='test', units='pix', win=Window(...), wrapWidth=500)
5.7165 	EXP 	Created zeitpuffer1 = TextStim(alignHoriz='center', alignVert='center', antialias=True, autoLog=True, bold=False, color=array([-0.5, -0.5, -0.5]), colorSpace='rgb', contrast=1.0, depth=0.0, flipHoriz=False, flipVert=False, font='Arial', fontFiles=[], height=30, italic=False, name='zeitpuffer1', opacity=1.0, ori=0, pos=array([ 0.,  0.]), rgb=array([-0.5, -0.5, -0.5]), text='', units='pix', win=Window(...), wrapWidth=500)
5.7177 	EXP 	Created text_6 = TextStim(alignHoriz='center', alignVert='center', antialias=True, autoLog=True, bold=False, color=array([-0.5, -0.5, -0.5]), colorSpace='rgb', contrast=1.0, depth=0.0, flipHoriz=False, flipVert=False, font='Arial', fontFiles=[], height=30, italic=False, name='text_6', opacity=1.0, ori=0, pos=array([ 0.,  0.]), rgb=array([-0.5, -0.5, -0.5]), text='', units='pix', win=Window(...), wrapWidth=500)
5.7299 	EXP 	Created text_12 = TextStim(alignHoriz='center', alignVert='center', antialias=True, autoLog=True, bold=False, color=array([-0.5, -0.5, -0.5]), colorSpace='rgb', contrast=1.0, depth=-1.0, flipHoriz=False, flipVert=False, font='Arial', fontFiles=[], height=30, italic=False, name='text_12', opacity=1.0, ori=0, pos=array([-10.,   0.]), rgb=array([-0.5, -0.5, -0.5]), text='default text', units='pix', win=Window(...), wrapWidth=500)
5.7818 	EXP 	Created text = TextStim(alignHoriz='center', alignVert='center', antialias=True, autoLog=True, bold=False, color=array([-0.5, -0.5, -0.5]), colorSpace='rgb', contrast=1.0, depth=-1.0, flipHoriz=False, flipVert=False, font='Arial', fontFiles=[], height=30, italic=False, name='text', opacity=1.0, ori=0, pos=array([ 0.,  0.]), rgb=array([-0.5, -0.5, -0.5]), text=newstr(...), units='pix', win=Window(...), wrapWidth=500)
5.7830 	EXP 	Created zeitpuffer1 = TextStim(alignHoriz='center', alignVert='center', antialias=True, autoLog=True, bold=False, color=array([-0.5, -0.5, -0.5]), colorSpace='rgb', contrast=1.0, depth=0.0, flipHoriz=False, flipVert=False, font='Arial', fontFiles=[], height=30, italic=False, name='zeitpuffer1', opacity=1.0, ori=0, pos=array([ 0.,  0.]), rgb=array([-0.5, -0.5, -0.5]), text='', units='pix', win=Window(...), wrapWidth=500)
5.7843 	EXP 	Created text_13 = TextStim(alignHoriz='center', alignVert='center', antialias=True, autoLog=True, bold=False, color=array([-0.5, -0.5, -0.5]), colorSpace='rgb', contrast=1.0, depth=0.0, flipHoriz=False, flipVert=False, font='Arial', fontFiles=[], height=30, italic=False, name='text_13', opacity=1.0, ori=0, pos=array([ 0.,  0.]), rgb=array([-0.5, -0.5, -0.5]), text='', units='pix', win=Window(...), wrapWidth=500)
5.7964 	EXP 	Created text_12 = TextStim(alignHoriz='center', alignVert='center', antialias=True, autoLog=True, bold=False, color=array([-0.5, -0.5, -0.5]), colorSpace='rgb', contrast=1.0, depth=-1.0, flipHoriz=False, flipVert=False, font='Arial', fontFiles=[], height=30, italic=False, name='text_12', opacity=1.0, ori=0, pos=array([-10.,   0.]), rgb=array([-0.5, -0.5, -0.5]), text='default text', units='pix', win=Window(...), wrapWidth=500)
5.8567 	EXP 	Created text_14 = TextStim(alignHoriz='center', alignVert='center', antialias=True, autoLog=True, bold=False, color=array([-0.5, -0.5, -0.5]), colorSpace='rgb', contrast=1.0, depth=-1.0, flipHoriz=False, flipVert=False, font='Arial', fontFiles=[], height=30, italic=False, name='text_14', opacity=1.0, ori=0, pos=array([ 0.,  0.]), rgb=array([-0.5, -0.5, -0.5]), text=newstr(...), units='pix', win=Window(...), wrapWidth=500)
5.8579 	EXP 	Created zeitpuffer1 = TextStim(alignHoriz='center', alignVert='center', antialias=True, autoLog=True, bold=False, color=array([-0.5, -0.5, -0.5]), colorSpace='rgb', contrast=1.0, depth=0.0, flipHoriz=False, flipVert=False, font='Arial', fontFiles=[], height=30, italic=False, name='zeitpuffer1', opacity=1.0, ori=0, pos=array([ 0.,  0.]), rgb=array([-0.5, -0.5, -0.5]), text='', units='pix', win=Window(...), wrapWidth=500)
5.8591 	EXP 	Created text_11 = TextStim(alignHoriz='center', alignVert='center', antialias=True, autoLog=True, bold=False, color=array([-0.5, -0.5, -0.5]), colorSpace='rgb', contrast=1.0, depth=0.0, flipHoriz=False, flipVert=False, font='Arial', fontFiles=[], height=30, italic=False, name='text_11', opacity=1.0, ori=0, pos=array([ 0.,  0.]), rgb=array([-0.5, -0.5, -0.5]), text='', units='pix', win=Window(...), wrapWidth=500)
5.8713 	EXP 	Created text_12 = TextStim(alignHoriz='center', alignVert='center', antialias=True, autoLog=True, bold=False, color=array([-0.5, -0.5, -0.5]), colorSpace='rgb', contrast=1.0, depth=-1.0, flipHoriz=False, flipVert=False, font='Arial', fontFiles=[], height=30, italic=False, name='text_12', opacity=1.0, ori=0, pos=array([-10.,   0.]), rgb=array([-0.5, -0.5, -0.5]), text='default text', units='pix', win=Window(...), wrapWidth=500)
5.9128 	EXP 	Created text_end = TextStim(alignHoriz='center', alignVert='center', antialias=True, autoLog=True, bold=False, color='white', colorSpace='named', contrast=1.0, depth=0.0, flipHoriz=False, flipVert=False, font='Arial', fontFiles=[], height=40, italic=False, name='text_end', opacity=1.0, ori=0, pos=array([ 0.,  0.]), rgb=array([ 255.,  255.,  255.]), text=newstr(...), units='pix', win=Window(...), wrapWidth=500)
8.9593 	DATA 	Mouse: Left button down, pos=(793,622)
9.0427 	DATA 	Mouse:  Left button up, pos=(793,622)
9.1928 	DATA 	Keypress: escape
9.2246 	EXP 	window1: mouseVisible = True
9.2508 	EXP 	window1: mouseVisible = True
