3.5213 	EXP 	Created window1 = Window(allowGUI=True, allowStencil=False, args=UNKNOWN, autoLog=True, bitsMode=UNKNOWN, blendMode='avg', color=array([-0.3, -0.3, -0.3]), colorSpace='rgb', fullscr=UNKNOWN, gamma=None, kwargs=UNKNOWN, lms=UNKNOWN, monitor=<psychopy.monitors.calibTools.Monitor object at 0x13E01E70>, multiSample=False, name='window1', numSamples=2, pos=[340, 25], screen=1, size=array([1000, 1000]), stereo=False, units='pix', useFBO=True, useRetina=False, viewOri=0.0, viewPos=None, viewScale=None, waitBlanking=True, winType=u'pyglet')
3.5235 	WARNING 	Requested an unavailable screen number - using first available.
4.2276 	EXP 	Created window1 = Window(allowGUI=True, allowStencil=False, args=UNKNOWN, autoLog=True, bitsMode=UNKNOWN, blendMode='avg', color=array([-0.3, -0.3, -0.3]), colorSpace='rgb', fullscr=UNKNOWN, gamma=None, kwargs=UNKNOWN, lms=UNKNOWN, monitor=<psychopy.monitors.calibTools.Monitor object at 0x14220DD0>, multiSample=False, name='window1', numSamples=2, pos=[460, 40], screen=2, size=array([1000, 1000]), stereo=False, units='pix', useFBO=True, useRetina=False, viewOri=0.0, viewPos=None, viewScale=None, waitBlanking=True, winType=u'pyglet')
4.2276 	EXP 	window1: recordFrameIntervals = False
4.3933 	EXP 	window1: recordFrameIntervals = True
4.5770 	EXP 	window1: recordFrameIntervals = False
5.3252 	EXP 	Created baseline_instructions = TextStim(alignHoriz='center', alignVert='center', antialias=True, autoLog=True, bold=False, color=array([-0.5, -0.5, -0.5]), colorSpace='rgb', contrast=1.0, depth=0.0, flipHoriz=False, flipVert=False, font='Arial', fontFiles=[], height=30, italic=False, name='baseline_instructions', opacity=1.0, ori=0, pos=array([ 0.,  0.]), rgb=array([-0.5, -0.5, -0.5]), text=newstr(...), units='pix', win=Window(...), wrapWidth=500)
5.3318 	EXP 	Created baseline_instructions2 = TextStim(alignHoriz='center', alignVert='center', antialias=True, autoLog=True, bold=False, color=array([ 1.,  1.,  1.]), colorSpace='rgb', contrast=1.0, depth=0.0, flipHoriz=False, flipVert=False, font='Arial', fontFiles=[], height=30, italic=False, name='baseline_instructions2', opacity=1.0, ori=0, pos=array([ 0.,  0.]), rgb=array([ 1.,  1.,  1.]), text='test', units='pix', win=Window(...), wrapWidth=500)
5.3330 	EXP 	Created zeitpuffer1 = TextStim(alignHoriz='center', alignVert='center', antialias=True, autoLog=True, bold=False, color=array([-0.5, -0.5, -0.5]), colorSpace='rgb', contrast=1.0, depth=0.0, flipHoriz=False, flipVert=False, font='Arial', fontFiles=[], height=30, italic=False, name='zeitpuffer1', opacity=1.0, ori=0, pos=array([ 0.,  0.]), rgb=array([-0.5, -0.5, -0.5]), text='', units='pix', win=Window(...), wrapWidth=500)
5.3342 	EXP 	Created text_6 = TextStim(alignHoriz='center', alignVert='center', antialias=True, autoLog=True, bold=False, color=array([-0.5, -0.5, -0.5]), colorSpace='rgb', contrast=1.0, depth=0.0, flipHoriz=False, flipVert=False, font='Arial', fontFiles=[], height=30, italic=False, name='text_6', opacity=1.0, ori=0, pos=array([ 0.,  0.]), rgb=array([-0.5, -0.5, -0.5]), text='', units='pix', win=Window(...), wrapWidth=500)
5.3461 	EXP 	Created text_12 = TextStim(alignHoriz='center', alignVert='center', antialias=True, autoLog=True, bold=False, color=array([-0.5, -0.5, -0.5]), colorSpace='rgb', contrast=1.0, depth=-1.0, flipHoriz=False, flipVert=False, font='Arial', fontFiles=[], height=30, italic=False, name='text_12', opacity=1.0, ori=0, pos=array([-10.,   0.]), rgb=array([-0.5, -0.5, -0.5]), text='default text', units='pix', win=Window(...), wrapWidth=500)
5.3963 	EXP 	Created text = TextStim(alignHoriz='center', alignVert='center', antialias=True, autoLog=True, bold=False, color=array([-0.5, -0.5, -0.5]), colorSpace='rgb', contrast=1.0, depth=-1.0, flipHoriz=False, flipVert=False, font='Arial', fontFiles=[], height=30, italic=False, name='text', opacity=1.0, ori=0, pos=array([ 0.,  0.]), rgb=array([-0.5, -0.5, -0.5]), text=newstr(...), units='pix', win=Window(...), wrapWidth=500)
5.3976 	EXP 	Created zeitpuffer1 = TextStim(alignHoriz='center', alignVert='center', antialias=True, autoLog=True, bold=False, color=array([-0.5, -0.5, -0.5]), colorSpace='rgb', contrast=1.0, depth=0.0, flipHoriz=False, flipVert=False, font='Arial', fontFiles=[], height=30, italic=False, name='zeitpuffer1', opacity=1.0, ori=0, pos=array([ 0.,  0.]), rgb=array([-0.5, -0.5, -0.5]), text='', units='pix', win=Window(...), wrapWidth=500)
5.3988 	EXP 	Created text_13 = TextStim(alignHoriz='center', alignVert='center', antialias=True, autoLog=True, bold=False, color=array([-0.5, -0.5, -0.5]), colorSpace='rgb', contrast=1.0, depth=0.0, flipHoriz=False, flipVert=False, font='Arial', fontFiles=[], height=30, italic=False, name='text_13', opacity=1.0, ori=0, pos=array([ 0.,  0.]), rgb=array([-0.5, -0.5, -0.5]), text='', units='pix', win=Window(...), wrapWidth=500)
5.4107 	EXP 	Created text_12 = TextStim(alignHoriz='center', alignVert='center', antialias=True, autoLog=True, bold=False, color=array([-0.5, -0.5, -0.5]), colorSpace='rgb', contrast=1.0, depth=-1.0, flipHoriz=False, flipVert=False, font='Arial', fontFiles=[], height=30, italic=False, name='text_12', opacity=1.0, ori=0, pos=array([-10.,   0.]), rgb=array([-0.5, -0.5, -0.5]), text='default text', units='pix', win=Window(...), wrapWidth=500)
5.4684 	EXP 	Created text_14 = TextStim(alignHoriz='center', alignVert='center', antialias=True, autoLog=True, bold=False, color=array([-0.5, -0.5, -0.5]), colorSpace='rgb', contrast=1.0, depth=-1.0, flipHoriz=False, flipVert=False, font='Arial', fontFiles=[], height=30, italic=False, name='text_14', opacity=1.0, ori=0, pos=array([ 0.,  0.]), rgb=array([-0.5, -0.5, -0.5]), text=newstr(...), units='pix', win=Window(...), wrapWidth=500)
5.4697 	EXP 	Created zeitpuffer1 = TextStim(alignHoriz='center', alignVert='center', antialias=True, autoLog=True, bold=False, color=array([-0.5, -0.5, -0.5]), colorSpace='rgb', contrast=1.0, depth=0.0, flipHoriz=False, flipVert=False, font='Arial', fontFiles=[], height=30, italic=False, name='zeitpuffer1', opacity=1.0, ori=0, pos=array([ 0.,  0.]), rgb=array([-0.5, -0.5, -0.5]), text='', units='pix', win=Window(...), wrapWidth=500)
5.4709 	EXP 	Created text_11 = TextStim(alignHoriz='center', alignVert='center', antialias=True, autoLog=True, bold=False, color=array([-0.5, -0.5, -0.5]), colorSpace='rgb', contrast=1.0, depth=0.0, flipHoriz=False, flipVert=False, font='Arial', fontFiles=[], height=30, italic=False, name='text_11', opacity=1.0, ori=0, pos=array([ 0.,  0.]), rgb=array([-0.5, -0.5, -0.5]), text='', units='pix', win=Window(...), wrapWidth=500)
5.4829 	EXP 	Created text_12 = TextStim(alignHoriz='center', alignVert='center', antialias=True, autoLog=True, bold=False, color=array([-0.5, -0.5, -0.5]), colorSpace='rgb', contrast=1.0, depth=-1.0, flipHoriz=False, flipVert=False, font='Arial', fontFiles=[], height=30, italic=False, name='text_12', opacity=1.0, ori=0, pos=array([-10.,   0.]), rgb=array([-0.5, -0.5, -0.5]), text='default text', units='pix', win=Window(...), wrapWidth=500)
5.5239 	EXP 	Created text_end = TextStim(alignHoriz='center', alignVert='center', antialias=True, autoLog=True, bold=False, color='white', colorSpace='named', contrast=1.0, depth=0.0, flipHoriz=False, flipVert=False, font='Arial', fontFiles=[], height=40, italic=False, name='text_end', opacity=1.0, ori=0, pos=array([ 0.,  0.]), rgb=array([ 255.,  255.,  255.]), text=newstr(...), units='pix', win=Window(...), wrapWidth=500)
5.6033 	EXP 	baseline_instructions2: autoDraw = True
21.2537 	DATA 	Mouse: Left button down, pos=(630,850)
21.3203 	DATA 	Mouse:  Left button up, pos=(630,850)
21.4706 	DATA 	Keypress: space
21.4732 	EXP 	baseline_instructions: autoDraw = True
24.1589 	DATA 	Mouse: Left button down, pos=(644,709)
24.2757 	DATA 	Mouse:  Left button up, pos=(644,709)
24.3090 	DATA 	Keypress: escape
24.3434 	EXP 	window1: mouseVisible = True
24.3715 	EXP 	window1: mouseVisible = True
