3.3988 	WARNING 	User requested fullscreen with size [1000 1000], but screen is actually [1680, 1050]. Using actual size
3.8519 	DATA 	Keypress: lctrl
4.2061 	EXP 	Created window1 = Window(allowGUI=True, allowStencil=False, args=UNKNOWN, autoLog=True, bitsMode=UNKNOWN, blendMode='avg', color=array([-0.3, -0.3, -0.3]), colorSpace='rgb', fullscr=UNKNOWN, gamma=None, kwargs=UNKNOWN, lms=UNKNOWN, monitor=<psychopy.monitors.calibTools.Monitor object at 0x17B1A130>, multiSample=False, name='window1', numSamples=2, pos=[0, 0], screen=1, size=array([1680, 1050]), stereo=False, units='pix', useFBO=True, useRetina=False, viewOri=0.0, viewPos=None, viewScale=None, waitBlanking=True, winType=u'pyglet')
4.2063 	WARNING 	Monitor specification not found. Creating a temporary one...
4.2065 	WARNING 	Requested an unavailable screen number - using first available.
4.2066 	WARNING 	User requested fullscreen with size [1000 1000], but screen is actually [1920, 1080]. Using actual size
5.0723 	EXP 	Created window1 = Window(allowGUI=True, allowStencil=False, args=UNKNOWN, autoLog=True, bitsMode=UNKNOWN, blendMode='avg', color=array([-0.3, -0.3, -0.3]), colorSpace='rgb', fullscr=UNKNOWN, gamma=None, kwargs=UNKNOWN, lms=UNKNOWN, monitor=<psychopy.monitors.calibTools.Monitor object at 0x17F62350>, multiSample=False, name='window1', numSamples=2, pos=[0, 0], screen=2, size=array([1920, 1080]), stereo=False, units='pix', useFBO=True, useRetina=False, viewOri=0.0, viewPos=None, viewScale=None, waitBlanking=True, winType=u'pyglet')
5.0724 	EXP 	window1: recordFrameIntervals = False
5.2389 	EXP 	window1: recordFrameIntervals = True
5.4220 	EXP 	window1: recordFrameIntervals = False
9.0848 	EXP 	Created baseline_instructions = TextStim(alignHoriz='center', alignVert='center', antialias=True, autoLog=True, bold=False, color=array([-0.5, -0.5, -0.5]), colorSpace='rgb', contrast=1.0, depth=0.0, flipHoriz=False, flipVert=False, font='Arial', fontFiles=[], height=30, italic=False, name='baseline_instructions', opacity=1.0, ori=0, pos=array([ 0.,  0.]), rgb=array([-0.5, -0.5, -0.5]), text=newstr(...), units='pix', win=Window(...), wrapWidth=500)
9.0923 	EXP 	Created baseline_instructions2 = TextStim(alignHoriz='center', alignVert='center', antialias=True, autoLog=True, bold=False, color=array([-0.5, -0.5, -0.5]), colorSpace='rgb', contrast=1.0, depth=0.0, flipHoriz=False, flipVert=False, font='Arial', fontFiles=[], height=30, italic=False, name='baseline_instructions2', opacity=1.0, ori=0, pos=array([ 0.,  0.]), rgb=array([-0.5, -0.5, -0.5]), text='hello', units='pix', win=Window(...), wrapWidth=500)
9.0935 	EXP 	Created zeitpuffer1 = TextStim(alignHoriz='center', alignVert='center', antialias=True, autoLog=True, bold=False, color=array([-0.5, -0.5, -0.5]), colorSpace='rgb', contrast=1.0, depth=0.0, flipHoriz=False, flipVert=False, font='Arial', fontFiles=[], height=30, italic=False, name='zeitpuffer1', opacity=1.0, ori=0, pos=array([ 0.,  0.]), rgb=array([-0.5, -0.5, -0.5]), text='', units='pix', win=Window(...), wrapWidth=500)
9.0947 	EXP 	Created text_6 = TextStim(alignHoriz='center', alignVert='center', antialias=True, autoLog=True, bold=False, color=array([-0.5, -0.5, -0.5]), colorSpace='rgb', contrast=1.0, depth=0.0, flipHoriz=False, flipVert=False, font='Arial', fontFiles=[], height=30, italic=False, name='text_6', opacity=1.0, ori=0, pos=array([ 0.,  0.]), rgb=array([-0.5, -0.5, -0.5]), text='', units='pix', win=Window(...), wrapWidth=500)
9.1074 	EXP 	Created text_12 = TextStim(alignHoriz='center', alignVert='center', antialias=True, autoLog=True, bold=False, color=array([-0.5, -0.5, -0.5]), colorSpace='rgb', contrast=1.0, depth=-1.0, flipHoriz=False, flipVert=False, font='Arial', fontFiles=[], height=30, italic=False, name='text_12', opacity=1.0, ori=0, pos=array([-10.,   0.]), rgb=array([-0.5, -0.5, -0.5]), text='default text', units='pix', win=Window(...), wrapWidth=500)
9.1599 	EXP 	Created text = TextStim(alignHoriz='center', alignVert='center', antialias=True, autoLog=True, bold=False, color=array([-0.5, -0.5, -0.5]), colorSpace='rgb', contrast=1.0, depth=-1.0, flipHoriz=False, flipVert=False, font='Arial', fontFiles=[], height=30, italic=False, name='text', opacity=1.0, ori=0, pos=array([ 0.,  0.]), rgb=array([-0.5, -0.5, -0.5]), text=newstr(...), units='pix', win=Window(...), wrapWidth=500)
9.1613 	EXP 	Created zeitpuffer1 = TextStim(alignHoriz='center', alignVert='center', antialias=True, autoLog=True, bold=False, color=array([-0.5, -0.5, -0.5]), colorSpace='rgb', contrast=1.0, depth=0.0, flipHoriz=False, flipVert=False, font='Arial', fontFiles=[], height=30, italic=False, name='zeitpuffer1', opacity=1.0, ori=0, pos=array([ 0.,  0.]), rgb=array([-0.5, -0.5, -0.5]), text='', units='pix', win=Window(...), wrapWidth=500)
9.1625 	EXP 	Created text_13 = TextStim(alignHoriz='center', alignVert='center', antialias=True, autoLog=True, bold=False, color=array([-0.5, -0.5, -0.5]), colorSpace='rgb', contrast=1.0, depth=0.0, flipHoriz=False, flipVert=False, font='Arial', fontFiles=[], height=30, italic=False, name='text_13', opacity=1.0, ori=0, pos=array([ 0.,  0.]), rgb=array([-0.5, -0.5, -0.5]), text='', units='pix', win=Window(...), wrapWidth=500)
9.1754 	EXP 	Created text_12 = TextStim(alignHoriz='center', alignVert='center', antialias=True, autoLog=True, bold=False, color=array([-0.5, -0.5, -0.5]), colorSpace='rgb', contrast=1.0, depth=-1.0, flipHoriz=False, flipVert=False, font='Arial', fontFiles=[], height=30, italic=False, name='text_12', opacity=1.0, ori=0, pos=array([-10.,   0.]), rgb=array([-0.5, -0.5, -0.5]), text='default text', units='pix', win=Window(...), wrapWidth=500)
9.2358 	EXP 	Created text_14 = TextStim(alignHoriz='center', alignVert='center', antialias=True, autoLog=True, bold=False, color=array([-0.5, -0.5, -0.5]), colorSpace='rgb', contrast=1.0, depth=-1.0, flipHoriz=False, flipVert=False, font='Arial', fontFiles=[], height=30, italic=False, name='text_14', opacity=1.0, ori=0, pos=array([ 0.,  0.]), rgb=array([-0.5, -0.5, -0.5]), text=newstr(...), units='pix', win=Window(...), wrapWidth=500)
9.2371 	EXP 	Created zeitpuffer1 = TextStim(alignHoriz='center', alignVert='center', antialias=True, autoLog=True, bold=False, color=array([-0.5, -0.5, -0.5]), colorSpace='rgb', contrast=1.0, depth=0.0, flipHoriz=False, flipVert=False, font='Arial', fontFiles=[], height=30, italic=False, name='zeitpuffer1', opacity=1.0, ori=0, pos=array([ 0.,  0.]), rgb=array([-0.5, -0.5, -0.5]), text='', units='pix', win=Window(...), wrapWidth=500)
9.2384 	EXP 	Created text_11 = TextStim(alignHoriz='center', alignVert='center', antialias=True, autoLog=True, bold=False, color=array([-0.5, -0.5, -0.5]), colorSpace='rgb', contrast=1.0, depth=0.0, flipHoriz=False, flipVert=False, font='Arial', fontFiles=[], height=30, italic=False, name='text_11', opacity=1.0, ori=0, pos=array([ 0.,  0.]), rgb=array([-0.5, -0.5, -0.5]), text='', units='pix', win=Window(...), wrapWidth=500)
9.2514 	EXP 	Created text_12 = TextStim(alignHoriz='center', alignVert='center', antialias=True, autoLog=True, bold=False, color=array([-0.5, -0.5, -0.5]), colorSpace='rgb', contrast=1.0, depth=-1.0, flipHoriz=False, flipVert=False, font='Arial', fontFiles=[], height=30, italic=False, name='text_12', opacity=1.0, ori=0, pos=array([-10.,   0.]), rgb=array([-0.5, -0.5, -0.5]), text='default text', units='pix', win=Window(...), wrapWidth=500)
9.2940 	EXP 	Created text_end = TextStim(alignHoriz='center', alignVert='center', antialias=True, autoLog=True, bold=False, color='white', colorSpace='named', contrast=1.0, depth=0.0, flipHoriz=False, flipVert=False, font='Arial', fontFiles=[], height=40, italic=False, name='text_end', opacity=1.0, ori=0, pos=array([ 0.,  0.]), rgb=array([ 255.,  255.,  255.]), text=newstr(...), units='pix', win=Window(...), wrapWidth=500)
9.3082 	EXP 	baseline_instructions: autoDraw = True
10.7720 	DATA 	Keypress: escape
10.8894 	EXP 	window1: mouseVisible = True
10.9195 	EXP 	window1: mouseVisible = True
