4.1800 	WARNING 	User requested fullscreen with size [1000 1000], but screen is actually [1680, 1050]. Using actual size
4.9937 	EXP 	Created window1 = Window(allowGUI=True, allowStencil=False, args=UNKNOWN, autoLog=True, bitsMode=UNKNOWN, blendMode='avg', color=array([-0.3, -0.3, -0.3]), colorSpace='rgb', fullscr=UNKNOWN, gamma=None, kwargs=UNKNOWN, lms=UNKNOWN, monitor=<psychopy.monitors.calibTools.Monitor object at 0x17CFF0F0>, multiSample=False, name='window1', numSamples=2, pos=[0, 0], screen=1, size=array([1680, 1050]), stereo=False, units='pix', useFBO=True, useRetina=False, viewOri=0.0, viewPos=None, viewScale=None, waitBlanking=True, winType=u'pyglet')
4.9940 	WARNING 	Monitor specification not found. Creating a temporary one...
4.9942 	WARNING 	Requested an unavailable screen number - using first available.
4.9943 	WARNING 	User requested fullscreen with size [1000 1000], but screen is actually [1920, 1080]. Using actual size
5.9435 	EXP 	Created window1 = Window(allowGUI=True, allowStencil=False, args=UNKNOWN, autoLog=True, bitsMode=UNKNOWN, blendMode='avg', color=array([-0.3, -0.3, -0.3]), colorSpace='rgb', fullscr=UNKNOWN, gamma=None, kwargs=UNKNOWN, lms=UNKNOWN, monitor=<psychopy.monitors.calibTools.Monitor object at 0x181072D0>, multiSample=False, name='window1', numSamples=2, pos=[0, 0], screen=2, size=array([1920, 1080]), stereo=False, units='pix', useFBO=True, useRetina=False, viewOri=0.0, viewPos=None, viewScale=None, waitBlanking=True, winType=u'pyglet')
5.9435 	EXP 	window1: recordFrameIntervals = False
6.0930 	EXP 	window1: recordFrameIntervals = True
6.2770 	EXP 	window1: recordFrameIntervals = False
7.0236 	EXP 	Created baseline_instructions = TextStim(alignHoriz='center', alignVert='center', antialias=True, autoLog=True, bold=False, color=array([-0.5, -0.5, -0.5]), colorSpace='rgb', contrast=1.0, depth=0.0, flipHoriz=False, flipVert=False, font='Arial', fontFiles=[], height=30, italic=False, name='baseline_instructions', opacity=1.0, ori=0, pos=array([ 0.,  0.]), rgb=array([-0.5, -0.5, -0.5]), text=newstr(...), units='pix', win=Window(...), wrapWidth=500)
7.0250 	EXP 	Created zeitpuffer1 = TextStim(alignHoriz='center', alignVert='center', antialias=True, autoLog=True, bold=False, color=array([-0.5, -0.5, -0.5]), colorSpace='rgb', contrast=1.0, depth=0.0, flipHoriz=False, flipVert=False, font='Arial', fontFiles=[], height=30, italic=False, name='zeitpuffer1', opacity=1.0, ori=0, pos=array([ 0.,  0.]), rgb=array([-0.5, -0.5, -0.5]), text='', units='pix', win=Window(...), wrapWidth=500)
7.0263 	EXP 	Created text_6 = TextStim(alignHoriz='center', alignVert='center', antialias=True, autoLog=True, bold=False, color=array([-0.5, -0.5, -0.5]), colorSpace='rgb', contrast=1.0, depth=0.0, flipHoriz=False, flipVert=False, font='Arial', fontFiles=[], height=30, italic=False, name='text_6', opacity=1.0, ori=0, pos=array([ 0.,  0.]), rgb=array([-0.5, -0.5, -0.5]), text='', units='pix', win=Window(...), wrapWidth=500)
7.0397 	EXP 	Created text_12 = TextStim(alignHoriz='center', alignVert='center', antialias=True, autoLog=True, bold=False, color=array([-0.5, -0.5, -0.5]), colorSpace='rgb', contrast=1.0, depth=-1.0, flipHoriz=False, flipVert=False, font='Arial', fontFiles=[], height=30, italic=False, name='text_12', opacity=1.0, ori=0, pos=array([-10.,   0.]), rgb=array([-0.5, -0.5, -0.5]), text='default text', units='pix', win=Window(...), wrapWidth=500)
7.0920 	EXP 	Created text = TextStim(alignHoriz='center', alignVert='center', antialias=True, autoLog=True, bold=False, color=array([-0.5, -0.5, -0.5]), colorSpace='rgb', contrast=1.0, depth=-1.0, flipHoriz=False, flipVert=False, font='Arial', fontFiles=[], height=30, italic=False, name='text', opacity=1.0, ori=0, pos=array([ 0.,  0.]), rgb=array([-0.5, -0.5, -0.5]), text=newstr(...), units='pix', win=Window(...), wrapWidth=500)
7.0934 	EXP 	Created zeitpuffer1 = TextStim(alignHoriz='center', alignVert='center', antialias=True, autoLog=True, bold=False, color=array([-0.5, -0.5, -0.5]), colorSpace='rgb', contrast=1.0, depth=0.0, flipHoriz=False, flipVert=False, font='Arial', fontFiles=[], height=30, italic=False, name='zeitpuffer1', opacity=1.0, ori=0, pos=array([ 0.,  0.]), rgb=array([-0.5, -0.5, -0.5]), text='', units='pix', win=Window(...), wrapWidth=500)
7.0946 	EXP 	Created text_13 = TextStim(alignHoriz='center', alignVert='center', antialias=True, autoLog=True, bold=False, color=array([-0.5, -0.5, -0.5]), colorSpace='rgb', contrast=1.0, depth=0.0, flipHoriz=False, flipVert=False, font='Arial', fontFiles=[], height=30, italic=False, name='text_13', opacity=1.0, ori=0, pos=array([ 0.,  0.]), rgb=array([-0.5, -0.5, -0.5]), text='', units='pix', win=Window(...), wrapWidth=500)
7.1077 	EXP 	Created text_12 = TextStim(alignHoriz='center', alignVert='center', antialias=True, autoLog=True, bold=False, color=array([-0.5, -0.5, -0.5]), colorSpace='rgb', contrast=1.0, depth=-1.0, flipHoriz=False, flipVert=False, font='Arial', fontFiles=[], height=30, italic=False, name='text_12', opacity=1.0, ori=0, pos=array([-10.,   0.]), rgb=array([-0.5, -0.5, -0.5]), text='default text', units='pix', win=Window(...), wrapWidth=500)
7.1672 	EXP 	Created text_14 = TextStim(alignHoriz='center', alignVert='center', antialias=True, autoLog=True, bold=False, color=array([-0.5, -0.5, -0.5]), colorSpace='rgb', contrast=1.0, depth=-1.0, flipHoriz=False, flipVert=False, font='Arial', fontFiles=[], height=30, italic=False, name='text_14', opacity=1.0, ori=0, pos=array([ 0.,  0.]), rgb=array([-0.5, -0.5, -0.5]), text=newstr(...), units='pix', win=Window(...), wrapWidth=500)
7.1685 	EXP 	Created zeitpuffer1 = TextStim(alignHoriz='center', alignVert='center', antialias=True, autoLog=True, bold=False, color=array([-0.5, -0.5, -0.5]), colorSpace='rgb', contrast=1.0, depth=0.0, flipHoriz=False, flipVert=False, font='Arial', fontFiles=[], height=30, italic=False, name='zeitpuffer1', opacity=1.0, ori=0, pos=array([ 0.,  0.]), rgb=array([-0.5, -0.5, -0.5]), text='', units='pix', win=Window(...), wrapWidth=500)
7.1698 	EXP 	Created text_11 = TextStim(alignHoriz='center', alignVert='center', antialias=True, autoLog=True, bold=False, color=array([-0.5, -0.5, -0.5]), colorSpace='rgb', contrast=1.0, depth=0.0, flipHoriz=False, flipVert=False, font='Arial', fontFiles=[], height=30, italic=False, name='text_11', opacity=1.0, ori=0, pos=array([ 0.,  0.]), rgb=array([-0.5, -0.5, -0.5]), text='', units='pix', win=Window(...), wrapWidth=500)
7.1819 	EXP 	Created text_12 = TextStim(alignHoriz='center', alignVert='center', antialias=True, autoLog=True, bold=False, color=array([-0.5, -0.5, -0.5]), colorSpace='rgb', contrast=1.0, depth=-1.0, flipHoriz=False, flipVert=False, font='Arial', fontFiles=[], height=30, italic=False, name='text_12', opacity=1.0, ori=0, pos=array([-10.,   0.]), rgb=array([-0.5, -0.5, -0.5]), text='default text', units='pix', win=Window(...), wrapWidth=500)
7.2259 	EXP 	Created text_end = TextStim(alignHoriz='center', alignVert='center', antialias=True, autoLog=True, bold=False, color='white', colorSpace='named', contrast=1.0, depth=0.0, flipHoriz=False, flipVert=False, font='Arial', fontFiles=[], height=40, italic=False, name='text_end', opacity=1.0, ori=0, pos=array([ 0.,  0.]), rgb=array([ 255.,  255.,  255.]), text=newstr(...), units='pix', win=Window(...), wrapWidth=500)
7.2779 	EXP 	baseline_instructions: autoDraw = True
8.4437 	DATA 	Keypress: lwindows
11.1779 	DATA 	Mouse: Left button down, pos=(1752,939)
11.2600 	DATA 	Mouse:  Left button up, pos=(1750,932)
20.4768 	DATA 	Keypress: escape
20.5250 	EXP 	window1: mouseVisible = True
20.5524 	EXP 	window1: mouseVisible = True
3.4705 	WARNING 	User requested fullscreen with size [1000 1000], but screen is actually [1680, 1050]. Using actual size
4.3339 	EXP 	Created window1 = Window(allowGUI=True, allowStencil=False, args=UNKNOWN, autoLog=True, bitsMode=UNKNOWN, blendMode='avg', color=array([-0.3, -0.3, -0.3]), colorSpace='rgb', fullscr=UNKNOWN, gamma=None, kwargs=UNKNOWN, lms=UNKNOWN, monitor=<psychopy.monitors.calibTools.Monitor object at 0x17B5F0F0>, multiSample=False, name='window1', numSamples=2, pos=[0, 0], screen=1, size=array([1680, 1050]), stereo=False, units='pix', useFBO=True, useRetina=False, viewOri=0.0, viewPos=None, viewScale=None, waitBlanking=True, winType=u'pyglet')
4.3342 	WARNING 	Monitor specification not found. Creating a temporary one...
4.3344 	WARNING 	Requested an unavailable screen number - using first available.
4.3345 	WARNING 	User requested fullscreen with size [1000 1000], but screen is actually [1920, 1080]. Using actual size
5.3004 	EXP 	Created window1 = Window(allowGUI=True, allowStencil=False, args=UNKNOWN, autoLog=True, bitsMode=UNKNOWN, blendMode='avg', color=array([-0.3, -0.3, -0.3]), colorSpace='rgb', fullscr=UNKNOWN, gamma=None, kwargs=UNKNOWN, lms=UNKNOWN, monitor=<psychopy.monitors.calibTools.Monitor object at 0x17F792D0>, multiSample=False, name='window1', numSamples=2, pos=[0, 0], screen=2, size=array([1920, 1080]), stereo=False, units='pix', useFBO=True, useRetina=False, viewOri=0.0, viewPos=None, viewScale=None, waitBlanking=True, winType=u'pyglet')
5.3005 	EXP 	window1: recordFrameIntervals = False
5.4667 	EXP 	window1: recordFrameIntervals = True
5.6502 	EXP 	window1: recordFrameIntervals = False
6.3951 	EXP 	Created baseline_instructions = TextStim(alignHoriz='center', alignVert='center', antialias=True, autoLog=True, bold=False, color=array([-0.5, -0.5, -0.5]), colorSpace='rgb', contrast=1.0, depth=0.0, flipHoriz=False, flipVert=False, font='Arial', fontFiles=[], height=30, italic=False, name='baseline_instructions', opacity=1.0, ori=0, pos=array([ 0.,  0.]), rgb=array([-0.5, -0.5, -0.5]), text=newstr(...), units='pix', win=Window(...), wrapWidth=500)
6.3965 	EXP 	Created zeitpuffer1 = TextStim(alignHoriz='center', alignVert='center', antialias=True, autoLog=True, bold=False, color=array([-0.5, -0.5, -0.5]), colorSpace='rgb', contrast=1.0, depth=0.0, flipHoriz=False, flipVert=False, font='Arial', fontFiles=[], height=30, italic=False, name='zeitpuffer1', opacity=1.0, ori=0, pos=array([ 0.,  0.]), rgb=array([-0.5, -0.5, -0.5]), text='', units='pix', win=Window(...), wrapWidth=500)
6.3977 	EXP 	Created text_6 = TextStim(alignHoriz='center', alignVert='center', antialias=True, autoLog=True, bold=False, color=array([-0.5, -0.5, -0.5]), colorSpace='rgb', contrast=1.0, depth=0.0, flipHoriz=False, flipVert=False, font='Arial', fontFiles=[], height=30, italic=False, name='text_6', opacity=1.0, ori=0, pos=array([ 0.,  0.]), rgb=array([-0.5, -0.5, -0.5]), text='', units='pix', win=Window(...), wrapWidth=500)
6.4106 	EXP 	Created text_12 = TextStim(alignHoriz='center', alignVert='center', antialias=True, autoLog=True, bold=False, color=array([-0.5, -0.5, -0.5]), colorSpace='rgb', contrast=1.0, depth=-1.0, flipHoriz=False, flipVert=False, font='Arial', fontFiles=[], height=30, italic=False, name='text_12', opacity=1.0, ori=0, pos=array([-10.,   0.]), rgb=array([-0.5, -0.5, -0.5]), text='default text', units='pix', win=Window(...), wrapWidth=500)
6.4605 	EXP 	Created text = TextStim(alignHoriz='center', alignVert='center', antialias=True, autoLog=True, bold=False, color=array([-0.5, -0.5, -0.5]), colorSpace='rgb', contrast=1.0, depth=-1.0, flipHoriz=False, flipVert=False, font='Arial', fontFiles=[], height=30, italic=False, name='text', opacity=1.0, ori=0, pos=array([ 0.,  0.]), rgb=array([-0.5, -0.5, -0.5]), text=newstr(...), units='pix', win=Window(...), wrapWidth=500)
6.4617 	EXP 	Created zeitpuffer1 = TextStim(alignHoriz='center', alignVert='center', antialias=True, autoLog=True, bold=False, color=array([-0.5, -0.5, -0.5]), colorSpace='rgb', contrast=1.0, depth=0.0, flipHoriz=False, flipVert=False, font='Arial', fontFiles=[], height=30, italic=False, name='zeitpuffer1', opacity=1.0, ori=0, pos=array([ 0.,  0.]), rgb=array([-0.5, -0.5, -0.5]), text='', units='pix', win=Window(...), wrapWidth=500)
6.4630 	EXP 	Created text_13 = TextStim(alignHoriz='center', alignVert='center', antialias=True, autoLog=True, bold=False, color=array([-0.5, -0.5, -0.5]), colorSpace='rgb', contrast=1.0, depth=0.0, flipHoriz=False, flipVert=False, font='Arial', fontFiles=[], height=30, italic=False, name='text_13', opacity=1.0, ori=0, pos=array([ 0.,  0.]), rgb=array([-0.5, -0.5, -0.5]), text='', units='pix', win=Window(...), wrapWidth=500)
6.4753 	EXP 	Created text_12 = TextStim(alignHoriz='center', alignVert='center', antialias=True, autoLog=True, bold=False, color=array([-0.5, -0.5, -0.5]), colorSpace='rgb', contrast=1.0, depth=-1.0, flipHoriz=False, flipVert=False, font='Arial', fontFiles=[], height=30, italic=False, name='text_12', opacity=1.0, ori=0, pos=array([-10.,   0.]), rgb=array([-0.5, -0.5, -0.5]), text='default text', units='pix', win=Window(...), wrapWidth=500)
6.5325 	EXP 	Created text_14 = TextStim(alignHoriz='center', alignVert='center', antialias=True, autoLog=True, bold=False, color=array([-0.5, -0.5, -0.5]), colorSpace='rgb', contrast=1.0, depth=-1.0, flipHoriz=False, flipVert=False, font='Arial', fontFiles=[], height=30, italic=False, name='text_14', opacity=1.0, ori=0, pos=array([ 0.,  0.]), rgb=array([-0.5, -0.5, -0.5]), text=newstr(...), units='pix', win=Window(...), wrapWidth=500)
6.5338 	EXP 	Created zeitpuffer1 = TextStim(alignHoriz='center', alignVert='center', antialias=True, autoLog=True, bold=False, color=array([-0.5, -0.5, -0.5]), colorSpace='rgb', contrast=1.0, depth=0.0, flipHoriz=False, flipVert=False, font='Arial', fontFiles=[], height=30, italic=False, name='zeitpuffer1', opacity=1.0, ori=0, pos=array([ 0.,  0.]), rgb=array([-0.5, -0.5, -0.5]), text='', units='pix', win=Window(...), wrapWidth=500)
6.5350 	EXP 	Created text_11 = TextStim(alignHoriz='center', alignVert='center', antialias=True, autoLog=True, bold=False, color=array([-0.5, -0.5, -0.5]), colorSpace='rgb', contrast=1.0, depth=0.0, flipHoriz=False, flipVert=False, font='Arial', fontFiles=[], height=30, italic=False, name='text_11', opacity=1.0, ori=0, pos=array([ 0.,  0.]), rgb=array([-0.5, -0.5, -0.5]), text='', units='pix', win=Window(...), wrapWidth=500)
6.5470 	EXP 	Created text_12 = TextStim(alignHoriz='center', alignVert='center', antialias=True, autoLog=True, bold=False, color=array([-0.5, -0.5, -0.5]), colorSpace='rgb', contrast=1.0, depth=-1.0, flipHoriz=False, flipVert=False, font='Arial', fontFiles=[], height=30, italic=False, name='text_12', opacity=1.0, ori=0, pos=array([-10.,   0.]), rgb=array([-0.5, -0.5, -0.5]), text='default text', units='pix', win=Window(...), wrapWidth=500)
6.5886 	EXP 	Created text_end = TextStim(alignHoriz='center', alignVert='center', antialias=True, autoLog=True, bold=False, color='white', colorSpace='named', contrast=1.0, depth=0.0, flipHoriz=False, flipVert=False, font='Arial', fontFiles=[], height=40, italic=False, name='text_end', opacity=1.0, ori=0, pos=array([ 0.,  0.]), rgb=array([ 255.,  255.,  255.]), text=newstr(...), units='pix', win=Window(...), wrapWidth=500)
6.6012 	EXP 	baseline_instructions: autoDraw = True
9.5168 	DATA 	Keypress: escape
9.6344 	EXP 	window1: mouseVisible = True
9.6624 	EXP 	window1: mouseVisible = True
